<?xml version="1.0" encoding="UTF-8"?>
<!-- Generated by org.testng.reporters.JUnitXMLReporter -->
<testsuite hostname="CGVAK-204" name="Method Test Cases" tests="3" failures="0" timestamp="4 Nov 2015 10:11:16 GMT" time="89.075" errors="0">
  <testcase name="Login" time="27.532" classname="pak1.SOManipulation"/>
  <testcase name="AddSO" time="30.071" classname="pak1.SOManipulation"/>
  <testcase name="EditSO" time="11.852" classname="pak1.SOManipulation"/>
</testsuite> <!-- Method Test Cases -->
