<?xml version="1.0" encoding="UTF-8"?>
<testsuite name="KeyedIN TestName"
           tests="5"
           failures="0"
           errors="0"
           skipped="0"
           time="188.549">
  <properties />
  
  
            <testcase name="ViewSalesOrder" time="37.330" classname="pak0.D1" />
                <testcase name="SearchSaleOrder" time="27.535" classname="pak0.D1" />
                <testcase name="AddSalesOrder" time="54.738" classname="pak0.D1" />
                <testcase name="DeleteSalesOrder" time="29.784" classname="pak0.D1" />
                <testcase name="EditSalesOrder" time="39.162" classname="pak0.D1" />
      
</testsuite>
