<?xml version="1.0" encoding="UTF-8"?>
<testng-results skipped="0" failed="0" total="5" passed="5">
  <reporter-output>
  </reporter-output>
  <suite name="Suite1234" duration-ms="183981" started-at="2015-11-04T13:34:21Z" finished-at="2015-11-04T13:37:25Z">
    <groups>
      <group name="Mygroup">
        <method signature="test123.DeleteSalesOrder()[pri:0, instance:Test.test123@271936]" name="DeleteSalesOrder" class="Test.test123"/>
        <method signature="test123.EditSalesOrder()[pri:0, instance:Test.test123@271936]" name="EditSalesOrder" class="Test.test123"/>
        <method signature="test123.ViewSalesOrder()[pri:0, instance:Test.test123@271936]" name="ViewSalesOrder" class="Test.test123"/>
      </group> <!-- Mygroup -->
    </groups>
    <test name="Test123" duration-ms="183981" started-at="2015-11-04T13:34:21Z" finished-at="2015-11-04T13:37:25Z">
      <class name="Test.test123">
        <test-method status="PASS" signature="beforeTest()[pri:0, instance:Test.test123@271936]" name="beforeTest" is-config="true" duration-ms="35035" started-at="2015-11-04T19:04:21Z" finished-at="2015-11-04T19:04:56Z">
          <reporter-output>
          </reporter-output>
        </test-method> <!-- beforeTest -->
        <test-method status="PASS" signature="AddSalesOrder()[pri:0, instance:Test.test123@271936]" name="AddSalesOrder" duration-ms="40886" started-at="2015-11-04T19:04:56Z" finished-at="2015-11-04T19:05:37Z">
          <reporter-output>
          </reporter-output>
        </test-method> <!-- AddSalesOrder -->
        <test-method status="PASS" signature="SearchSaleOrder()[pri:0, instance:Test.test123@271936]" name="SearchSaleOrder" duration-ms="18045" started-at="2015-11-04T19:05:37Z" finished-at="2015-11-04T19:05:55Z">
          <reporter-output>
          </reporter-output>
        </test-method> <!-- SearchSaleOrder -->
        <test-method status="PASS" signature="EditSalesOrder()[pri:0, instance:Test.test123@271936]" name="EditSalesOrder" duration-ms="26731" started-at="2015-11-04T19:05:55Z" finished-at="2015-11-04T19:06:21Z">
          <reporter-output>
          </reporter-output>
        </test-method> <!-- EditSalesOrder -->
        <test-method status="PASS" signature="ViewSalesOrder()[pri:0, instance:Test.test123@271936]" name="ViewSalesOrder" duration-ms="17280" started-at="2015-11-04T19:06:21Z" finished-at="2015-11-04T19:06:39Z">
          <reporter-output>
          </reporter-output>
        </test-method> <!-- ViewSalesOrder -->
        <test-method status="PASS" signature="DeleteSalesOrder()[pri:0, instance:Test.test123@271936]" name="DeleteSalesOrder" duration-ms="43779" started-at="2015-11-04T19:06:39Z" finished-at="2015-11-04T19:07:22Z">
          <reporter-output>
          </reporter-output>
        </test-method> <!-- DeleteSalesOrder -->
        <test-method status="PASS" signature="afterTest()[pri:0, instance:Test.test123@271936]" name="afterTest" is-config="true" duration-ms="2198" started-at="2015-11-04T19:07:22Z" finished-at="2015-11-04T19:07:25Z">
          <reporter-output>
          </reporter-output>
        </test-method> <!-- afterTest -->
      </class> <!-- Test.test123 -->
    </test> <!-- Test123 -->
  </suite> <!-- Suite1234 -->
</testng-results>
