<?xml version="1.0" encoding="UTF-8"?>
<testng-results skipped="0" failed="0" total="6" passed="6">
  <reporter-output>
  </reporter-output>
  <suite name="KeyedIN Complete Suite for Sales Order" duration-ms="173749" started-at="2015-11-04T10:30:49Z" finished-at="2015-11-04T10:33:43Z">
    <groups>
    </groups>
    <test name="KeyedIN TestName" duration-ms="173749" started-at="2015-11-04T10:30:49Z" finished-at="2015-11-04T10:33:43Z">
      <class name="pak1.SOManipulation">
        <test-method status="PASS" signature="beforeTest()[pri:0, instance:pak1.SOManipulation@35b0f5]" name="beforeTest" is-config="true" duration-ms="11901" started-at="2015-11-04T16:00:49Z" finished-at="2015-11-04T16:01:01Z">
          <reporter-output>
          </reporter-output>
        </test-method> <!-- beforeTest -->
        <test-method status="PASS" signature="Login()[pri:0, instance:pak1.SOManipulation@35b0f5]" name="Login" duration-ms="28131" started-at="2015-11-04T16:01:01Z" finished-at="2015-11-04T16:01:29Z">
          <reporter-output>
          </reporter-output>
        </test-method> <!-- Login -->
        <test-method status="PASS" signature="SearchSO()[pri:0, instance:pak1.SOManipulation@35b0f5]" name="SearchSO" duration-ms="14699" started-at="2015-11-04T16:01:29Z" finished-at="2015-11-04T16:01:44Z">
          <reporter-output>
          </reporter-output>
        </test-method> <!-- SearchSO -->
        <test-method status="PASS" signature="ViewSO()[pri:0, instance:pak1.SOManipulation@35b0f5]" name="ViewSO" duration-ms="25339" started-at="2015-11-04T16:01:44Z" finished-at="2015-11-04T16:02:09Z">
          <reporter-output>
          </reporter-output>
        </test-method> <!-- ViewSO -->
        <test-method status="PASS" signature="DeleteSO()[pri:0, instance:pak1.SOManipulation@35b0f5]" name="DeleteSO" duration-ms="38485" started-at="2015-11-04T16:02:09Z" finished-at="2015-11-04T16:02:47Z">
          <reporter-output>
          </reporter-output>
        </test-method> <!-- DeleteSO -->
        <test-method status="PASS" signature="AddSO()[pri:0, instance:pak1.SOManipulation@35b0f5]" name="AddSO" duration-ms="29673" started-at="2015-11-04T16:02:47Z" finished-at="2015-11-04T16:03:17Z">
          <reporter-output>
          </reporter-output>
        </test-method> <!-- AddSO -->
        <test-method status="PASS" signature="EditSO()[pri:0, instance:pak1.SOManipulation@35b0f5]" name="EditSO" duration-ms="25464" started-at="2015-11-04T16:03:17Z" finished-at="2015-11-04T16:03:43Z">
          <reporter-output>
          </reporter-output>
        </test-method> <!-- EditSO -->
        <test-method status="PASS" signature="Quit()[pri:0, instance:pak1.SOManipulation@35b0f5]" name="Quit" is-config="true" duration-ms="0" started-at="2015-11-04T16:03:43Z" finished-at="2015-11-04T16:03:43Z">
          <reporter-output>
          </reporter-output>
        </test-method> <!-- Quit -->
      </class> <!-- pak1.SOManipulation -->
    </test> <!-- KeyedIN TestName -->
  </suite> <!-- KeyedIN Complete Suite for Sales Order -->
</testng-results>
