<?xml version="1.0" encoding="UTF-8"?>
<!-- Generated by org.testng.reporters.JUnitXMLReporter -->
<testsuite hostname="CGVAK-204" name="KeyedIN TestName" tests="5" failures="0" timestamp="5 Nov 2015 11:21:04 GMT" time="201.603" errors="0">
  <testcase name="AddSalesOrder" time="39.959" classname="pak0.D1"/>
  <testcase name="SearchSaleOrder" time="27.377" classname="pak0.D1"/>
  <testcase name="EditSalesOrder" time="41.468" classname="pak0.D1"/>
  <testcase name="ViewSalesOrder" time="27.472" classname="pak0.D1"/>
  <testcase name="DeleteSalesOrder" time="27.474" classname="pak0.D1"/>
</testsuite> <!-- KeyedIN TestName -->
