<?xml version="1.0" encoding="UTF-8"?>
<!-- Generated by org.testng.reporters.JUnitXMLReporter -->
<testsuite hostname="CGVAK-204" name="KeyedIN TestName for Sales Order" tests="3" failures="0" timestamp="4 Nov 2015 10:25:52 GMT" time="117.1" errors="0">
  <testcase name="Login" time="39.212" classname="pak1.SOManipulation"/>
  <testcase name="AddSO" time="30.658" classname="pak1.SOManipulation"/>
  <testcase name="EditSO" time="29.329" classname="pak1.SOManipulation"/>
</testsuite> <!-- KeyedIN TestName for Sales Order -->
